<?xml version="1.0" encoding="UTF-8"?>
<!-- Generated by org.testng.reporters.JUnitReportReporter -->
<testsuite hostname="HUBLAPINDCE-018" failures="0" tests="3" name="tests.TestGetAndPost" time="9.615" errors="0" timestamp="2023-02-04T11:51:41 IST" skipped="1">
  <testcase classname="tests.TestGetAndPost" name="post" time="8.542"/>
  <system-out/>
  <testcase classname="tests.TestGetAndPost" name="post_1" time="1.073"/>
  <system-out/>
  <testcase classname="tests.TestGetAndPost" name="get">
    <skipped/>
  </testcase> <!-- get -->
  <system-out/>
</testsuite> <!-- tests.TestGetAndPost -->
