<?xml version="1.0" encoding="UTF-8"?>
<!-- Generated by org.testng.reporters.JUnitReportReporter -->
<testsuite hostname="HUBLAPINDCE-018" failures="0" tests="3" name="tests.TestPutPatchDelete" time="6.546" errors="0" timestamp="2023-02-04T12:32:07 IST" skipped="0">
  <testcase classname="tests.TestPutPatchDelete" name="put" time="1.198"/>
  <system-out/>
  <testcase classname="tests.TestPutPatchDelete" name="patch" time="0.971"/>
  <system-out/>
  <testcase classname="tests.TestPutPatchDelete" name="delete" time="4.377"/>
  <system-out/>
</testsuite> <!-- tests.TestPutPatchDelete -->
