<?xml version="1.0" encoding="UTF-8"?>
<!-- Generated by org.testng.reporters.JUnitReportReporter -->
<testsuite hostname="HUBLAPINDCE-018" failures="0" tests="1" name="tests.JsonSchemaValidation" time="13.417" errors="0" timestamp="2023-02-04T23:37:27 IST" skipped="0">
  <testcase classname="tests.JsonSchemaValidation" name="schemaTest" time="13.417"/>
  <system-out/>
</testsuite> <!-- tests.JsonSchemaValidation -->
