<?xml version="1.0" encoding="UTF-8"?>
<!-- Generated by org.testng.reporters.JUnitReportReporter -->
<testsuite hostname="HUBLAPINDCE-018" failures="0" tests="3" name="tests.TestPutPatchDelete" time="3.613" errors="0" timestamp="2023-02-04T12:40:47 IST" skipped="0">
  <testcase classname="tests.TestPutPatchDelete" name="patch" time="1.003"/>
  <system-out/>
  <testcase classname="tests.TestPutPatchDelete" name="put" time="1.246"/>
  <system-out/>
  <testcase classname="tests.TestPutPatchDelete" name="delete" time="1.364"/>
  <system-out/>
</testsuite> <!-- tests.TestPutPatchDelete -->
