<?xml version="1.0" encoding="UTF-8"?>
<!-- Generated by org.testng.reporters.JUnitReportReporter -->
<testsuite hostname="HUBLAPINDCE-018" failures="0" tests="2" name="tests.TestExamples" time="6.130" errors="0" timestamp="2023-02-04T12:40:47 IST" skipped="1">
  <testcase classname="tests.TestExamples" name="test_2" time="6.130"/>
  <system-out/>
  <testcase classname="tests.TestExamples" name="test_1">
    <skipped/>
  </testcase> <!-- test_1 -->
  <system-out/>
</testsuite> <!-- tests.TestExamples -->
