<?xml version="1.0" encoding="UTF-8"?>
<!-- Generated by org.testng.reporters.JUnitReportReporter -->
<testsuite hostname="HUBLAPINDCE-018" failures="0" tests="3" name="tests.TestGetAndPost" time="1.537" errors="0" timestamp="2023-02-04T12:40:47 IST" skipped="1">
  <testcase classname="tests.TestGetAndPost" name="post_1" time="0.472"/>
  <system-out/>
  <testcase classname="tests.TestGetAndPost" name="post" time="1.065"/>
  <system-out/>
  <testcase classname="tests.TestGetAndPost" name="get">
    <skipped/>
  </testcase> <!-- get -->
  <system-out/>
</testsuite> <!-- tests.TestGetAndPost -->
